<?xml version="1.0" encoding="UTF-8"?>
<!-- Generated by org.testng.reporters.JUnitReportReporter -->
<testsuite hostname="Mahdi" failures="0" tests="2" name="MagentoClass" time="37.399" errors="0" timestamp="2023-07-02T22:45:44 EEST" skipped="0">
  <testcase classname="MagentoClass" name="TestBSignIn" time="5.495"/>
  <system-out/>
  <testcase classname="MagentoClass" name="TestDAddIteams" time="31.904"/>
  <system-out/>
</testsuite> <!-- MagentoClass -->
