<?xml version="1.0" encoding="UTF-8"?>
<!-- Generated by org.testng.reporters.JUnitReportReporter -->
<testsuite hostname="Mahdi" failures="0" tests="4" name="MagentoClass" time="18.834" errors="0" timestamp="2023-06-03T20:52:17 EEST" skipped="0">
  <testcase classname="MagentoClass" name="TestDAddIteams" time="0.000"/>
  <system-out/>
  <testcase classname="MagentoClass" name="TestASignUp" time="9.708"/>
  <system-out/>
  <testcase classname="MagentoClass" name="TestBSignIn" time="4.881"/>
  <system-out/>
  <testcase classname="MagentoClass" name="TestCSearchForIteams" time="4.245"/>
  <system-out/>
</testsuite> <!-- MagentoClass -->
